<?xml version="1.0" encoding="UTF-8"?>
<robot generator="Robot 6.0.2 (Python 3.10.4 on win32)" generated="20230128 15:44:12.968" rpa="false" schemaversion="3">
<suite id="s1" name="Cadastro Teste" source="C:\Users\jfigueredo\Documents\QA\Estudos\UPSKILLING-23\cadastro_teste (2)\cadastro_teste">
<suite id="s1-s1" name="Google Search" source="C:\Users\jfigueredo\Documents\QA\Estudos\UPSKILLING-23\cadastro_teste (2)\cadastro_teste\Google_Search">
<suite id="s1-s1-s1" name="Tests" source="C:\Users\jfigueredo\Documents\QA\Estudos\UPSKILLING-23\cadastro_teste (2)\cadastro_teste\Google_Search\Tests">
<suite id="s1-s1-s1-s1" name="Test For Loop" source="C:\Users\jfigueredo\Documents\QA\Estudos\UPSKILLING-23\cadastro_teste (2)\cadastro_teste\Google_Search\Tests\test_for_loop.robot">
<test id="s1-s1-s1-s1-t1" name="Search images on Google" line="11">
<kw name="Open Google" library="test_base" type="SETUP">
<kw name="Open Browser" library="SeleniumLibrary">
<arg>${base_url}</arg>
<arg>browser=${browser}</arg>
<doc>Opens a new browser instance to the optional ``url``.</doc>
<msg timestamp="20230128 15:44:13.849" level="INFO">Opening browser 'chrome' to base url 'https://google.com'.</msg>
<status status="PASS" starttime="20230128 15:44:13.848" endtime="20230128 15:44:18.396"/>
</kw>
<kw name="Maximize Browser Window" library="SeleniumLibrary">
<doc>Maximizes current browser window.</doc>
<status status="PASS" starttime="20230128 15:44:18.397" endtime="20230128 15:44:18.514"/>
</kw>
<status status="PASS" starttime="20230128 15:44:13.847" endtime="20230128 15:44:18.514"/>
</kw>
<for flavor="IN">
<var>${term}</var>
<value>@{terms}</value>
<iter>
<var name="${term}">Porsche Panamera</var>
<kw name="Fill the search input" library="steps">
<arg>${term}</arg>
<kw name="Wait Until Element Is Visible" library="SeleniumLibrary">
<arg>${search_field}</arg>
<doc>Waits until the element ``locator`` is visible.</doc>
<status status="PASS" starttime="20230128 15:44:18.515" endtime="20230128 15:44:18.561"/>
</kw>
<kw name="Input Text" library="SeleniumLibrary">
<arg>${search_field}</arg>
<arg>${term}</arg>
<doc>Types the given ``text`` into the text field identified by ``locator``.</doc>
<msg timestamp="20230128 15:44:18.562" level="INFO">Typing text 'Porsche Panamera' into text field 'xpath://*[@name = 'q']'.</msg>
<status status="PASS" starttime="20230128 15:44:18.561" endtime="20230128 15:44:18.660"/>
</kw>
<status status="PASS" starttime="20230128 15:44:18.515" endtime="20230128 15:44:18.660"/>
</kw>
<kw name="Submit the search" library="steps">
<kw name="Run Keyword And Return Status" library="BuiltIn">
<var>${IsElementVisible}</var>
<arg>Element Should Be Visible</arg>
<arg>${search_field}</arg>
<doc>Runs the given keyword with given arguments and returns the status as a Boolean value.</doc>
<kw name="Element Should Be Visible" library="SeleniumLibrary">
<arg>${search_field}</arg>
<doc>Verifies that the element identified by ``locator`` is visible.</doc>
<msg timestamp="20230128 15:44:18.678" level="INFO">Element 'xpath://*[@name = 'q']' is displayed.</msg>
<status status="PASS" starttime="20230128 15:44:18.663" endtime="20230128 15:44:18.678"/>
</kw>
<msg timestamp="20230128 15:44:18.679" level="INFO">${IsElementVisible} = True</msg>
<status status="PASS" starttime="20230128 15:44:18.661" endtime="20230128 15:44:18.679"/>
</kw>
<if>
<branch type="IF" condition="${IsElementVisible}">
<kw name="Press Keys" library="SeleniumLibrary">
<arg>${search_field}</arg>
<arg>RETURN</arg>
<doc>Simulates the user pressing key(s) to an element or on the active browser.</doc>
<msg timestamp="20230128 15:44:18.681" level="INFO">Sending key(s) ('RETURN',) to xpath://*[@name = 'q'] element.</msg>
<msg timestamp="20230128 15:44:18.976" level="INFO">Pressing special key RETURN to element.</msg>
<msg timestamp="20230128 15:44:18.977" level="INFO">Releasing special key RETURN.</msg>
<status status="PASS" starttime="20230128 15:44:18.680" endtime="20230128 15:44:21.914"/>
</kw>
<status status="PASS" starttime="20230128 15:44:18.679" endtime="20230128 15:44:21.914"/>
</branch>
<status status="PASS" starttime="20230128 15:44:18.679" endtime="20230128 15:44:21.915"/>
</if>
<kw name="Get Element Attribute" library="SeleniumLibrary">
<var>${search}</var>
<arg>${filled_search}</arg>
<arg>attribute=value</arg>
<doc>Returns the value of ``attribute`` from the element ``locator``.</doc>
<msg timestamp="20230128 15:44:21.940" level="INFO">${search} = Porsche Panamera</msg>
<status status="PASS" starttime="20230128 15:44:21.915" endtime="20230128 15:44:21.940"/>
</kw>
<kw name="Capture Page Screenshot" library="SeleniumLibrary">
<arg>./Google_Search/${TEST NAME}_${search}.png</arg>
<doc>Takes a screenshot of the current page and embeds it into a log file.</doc>
<msg timestamp="20230128 15:44:22.048" level="INFO" html="true">&lt;/td&gt;&lt;/tr&gt;&lt;tr&gt;&lt;td colspan="3"&gt;&lt;a href="Google_Search/Search%20images%20on%20Google_Porsche%20Panamera.png"&gt;&lt;img src="Google_Search/Search%20images%20on%20Google_Porsche%20Panamera.png" width="800px"&gt;&lt;/a&gt;</msg>
<status status="PASS" starttime="20230128 15:44:21.942" endtime="20230128 15:44:22.050"/>
</kw>
<status status="PASS" starttime="20230128 15:44:18.661" endtime="20230128 15:44:22.050"/>
</kw>
<kw name="Select image search" library="steps">
<kw name="Run Keyword And Return Status" library="BuiltIn">
<var>${IsElementVisible}</var>
<arg>Element Should Be Visible</arg>
<arg>${image_search}</arg>
<doc>Runs the given keyword with given arguments and returns the status as a Boolean value.</doc>
<kw name="Element Should Be Visible" library="SeleniumLibrary">
<arg>${image_search}</arg>
<doc>Verifies that the element identified by ``locator`` is visible.</doc>
<msg timestamp="20230128 15:44:22.070" level="INFO">Element '//*[@id = "hdtb-msb"]/div[1]/div/div[2]/a' is displayed.</msg>
<status status="PASS" starttime="20230128 15:44:22.050" endtime="20230128 15:44:22.070"/>
</kw>
<msg timestamp="20230128 15:44:22.072" level="INFO">${IsElementVisible} = True</msg>
<status status="PASS" starttime="20230128 15:44:22.050" endtime="20230128 15:44:22.072"/>
</kw>
<if>
<branch type="IF" condition="${IsElementVisible}">
<kw name="Click Element" library="SeleniumLibrary">
<arg>xpath:${image_search}</arg>
<doc>Click the element identified by ``locator``.</doc>
<msg timestamp="20230128 15:44:22.073" level="INFO">Clicking element 'xpath://*[@id = "hdtb-msb"]/div[1]/div/div[2]/a'.</msg>
<status status="PASS" starttime="20230128 15:44:22.073" endtime="20230128 15:44:23.879"/>
</kw>
<status status="PASS" starttime="20230128 15:44:22.072" endtime="20230128 15:44:23.880"/>
</branch>
<status status="PASS" starttime="20230128 15:44:22.072" endtime="20230128 15:44:23.880"/>
</if>
<status status="PASS" starttime="20230128 15:44:22.050" endtime="20230128 15:44:23.880"/>
</kw>
<status status="PASS" starttime="20230128 15:44:18.515" endtime="20230128 15:44:23.880"/>
</iter>
<iter>
<var name="${term}">Lamborghini Veneno</var>
<kw name="Fill the search input" library="steps">
<arg>${term}</arg>
<kw name="Wait Until Element Is Visible" library="SeleniumLibrary">
<arg>${search_field}</arg>
<doc>Waits until the element ``locator`` is visible.</doc>
<status status="PASS" starttime="20230128 15:44:23.881" endtime="20230128 15:44:23.900"/>
</kw>
<kw name="Input Text" library="SeleniumLibrary">
<arg>${search_field}</arg>
<arg>${term}</arg>
<doc>Types the given ``text`` into the text field identified by ``locator``.</doc>
<msg timestamp="20230128 15:44:23.901" level="INFO">Typing text 'Lamborghini Veneno' into text field 'xpath://*[@name = 'q']'.</msg>
<status status="PASS" starttime="20230128 15:44:23.901" endtime="20230128 15:44:24.030"/>
</kw>
<status status="PASS" starttime="20230128 15:44:23.880" endtime="20230128 15:44:24.030"/>
</kw>
<kw name="Submit the search" library="steps">
<kw name="Run Keyword And Return Status" library="BuiltIn">
<var>${IsElementVisible}</var>
<arg>Element Should Be Visible</arg>
<arg>${search_field}</arg>
<doc>Runs the given keyword with given arguments and returns the status as a Boolean value.</doc>
<kw name="Element Should Be Visible" library="SeleniumLibrary">
<arg>${search_field}</arg>
<doc>Verifies that the element identified by ``locator`` is visible.</doc>
<msg timestamp="20230128 15:44:24.046" level="INFO">Element 'xpath://*[@name = 'q']' is displayed.</msg>
<status status="PASS" starttime="20230128 15:44:24.032" endtime="20230128 15:44:24.047"/>
</kw>
<msg timestamp="20230128 15:44:24.047" level="INFO">${IsElementVisible} = True</msg>
<status status="PASS" starttime="20230128 15:44:24.031" endtime="20230128 15:44:24.047"/>
</kw>
<if>
<branch type="IF" condition="${IsElementVisible}">
<kw name="Press Keys" library="SeleniumLibrary">
<arg>${search_field}</arg>
<arg>RETURN</arg>
<doc>Simulates the user pressing key(s) to an element or on the active browser.</doc>
<msg timestamp="20230128 15:44:24.049" level="INFO">Sending key(s) ('RETURN',) to xpath://*[@name = 'q'] element.</msg>
<msg timestamp="20230128 15:44:24.330" level="INFO">Pressing special key RETURN to element.</msg>
<msg timestamp="20230128 15:44:24.330" level="INFO">Releasing special key RETURN.</msg>
<status status="PASS" starttime="20230128 15:44:24.048" endtime="20230128 15:44:25.594"/>
</kw>
<status status="PASS" starttime="20230128 15:44:24.048" endtime="20230128 15:44:25.595"/>
</branch>
<status status="PASS" starttime="20230128 15:44:24.048" endtime="20230128 15:44:25.595"/>
</if>
<kw name="Get Element Attribute" library="SeleniumLibrary">
<var>${search}</var>
<arg>${filled_search}</arg>
<arg>attribute=value</arg>
<doc>Returns the value of ``attribute`` from the element ``locator``.</doc>
<msg timestamp="20230128 15:44:25.615" level="INFO">${search} = Lamborghini Veneno</msg>
<status status="PASS" starttime="20230128 15:44:25.595" endtime="20230128 15:44:25.616"/>
</kw>
<kw name="Capture Page Screenshot" library="SeleniumLibrary">
<arg>./Google_Search/${TEST NAME}_${search}.png</arg>
<doc>Takes a screenshot of the current page and embeds it into a log file.</doc>
<msg timestamp="20230128 15:44:25.850" level="INFO" html="true">&lt;/td&gt;&lt;/tr&gt;&lt;tr&gt;&lt;td colspan="3"&gt;&lt;a href="Google_Search/Search%20images%20on%20Google_Lamborghini%20Veneno.png"&gt;&lt;img src="Google_Search/Search%20images%20on%20Google_Lamborghini%20Veneno.png" width="800px"&gt;&lt;/a&gt;</msg>
<status status="PASS" starttime="20230128 15:44:25.616" endtime="20230128 15:44:25.851"/>
</kw>
<status status="PASS" starttime="20230128 15:44:24.031" endtime="20230128 15:44:25.851"/>
</kw>
<kw name="Select image search" library="steps">
<kw name="Run Keyword And Return Status" library="BuiltIn">
<var>${IsElementVisible}</var>
<arg>Element Should Be Visible</arg>
<arg>${image_search}</arg>
<doc>Runs the given keyword with given arguments and returns the status as a Boolean value.</doc>
<kw name="Element Should Be Visible" library="SeleniumLibrary">
<arg>${image_search}</arg>
<doc>Verifies that the element identified by ``locator`` is visible.</doc>
<msg timestamp="20230128 15:44:26.089" level="INFO" html="true">&lt;/td&gt;&lt;/tr&gt;&lt;tr&gt;&lt;td colspan="3"&gt;&lt;a href="selenium-screenshot-1.png"&gt;&lt;img src="selenium-screenshot-1.png" width="800px"&gt;&lt;/a&gt;</msg>
<msg timestamp="20230128 15:44:26.090" level="FAIL">Element with locator '//*[@id = "hdtb-msb"]/div[1]/div/div[2]/a' not found.</msg>
<status status="FAIL" starttime="20230128 15:44:25.854" endtime="20230128 15:44:26.114"/>
</kw>
<msg timestamp="20230128 15:44:26.114" level="INFO">${IsElementVisible} = False</msg>
<status status="PASS" starttime="20230128 15:44:25.852" endtime="20230128 15:44:26.114"/>
</kw>
<if>
<branch type="IF" condition="${IsElementVisible}">
<kw name="Click Element" library="SeleniumLibrary">
<arg>xpath:${image_search}</arg>
<doc>Click the element identified by ``locator``.</doc>
<status status="NOT RUN" starttime="20230128 15:44:26.115" endtime="20230128 15:44:26.115"/>
</kw>
<status status="NOT RUN" starttime="20230128 15:44:26.114" endtime="20230128 15:44:26.115"/>
</branch>
<status status="PASS" starttime="20230128 15:44:26.114" endtime="20230128 15:44:26.116"/>
</if>
<status status="PASS" starttime="20230128 15:44:25.851" endtime="20230128 15:44:26.116"/>
</kw>
<status status="PASS" starttime="20230128 15:44:23.880" endtime="20230128 15:44:26.116"/>
</iter>
<iter>
<var name="${term}">F15 Eagle Jet</var>
<kw name="Fill the search input" library="steps">
<arg>${term}</arg>
<kw name="Wait Until Element Is Visible" library="SeleniumLibrary">
<arg>${search_field}</arg>
<doc>Waits until the element ``locator`` is visible.</doc>
<status status="PASS" starttime="20230128 15:44:26.117" endtime="20230128 15:44:26.132"/>
</kw>
<kw name="Input Text" library="SeleniumLibrary">
<arg>${search_field}</arg>
<arg>${term}</arg>
<doc>Types the given ``text`` into the text field identified by ``locator``.</doc>
<msg timestamp="20230128 15:44:26.133" level="INFO">Typing text 'F15 Eagle Jet' into text field 'xpath://*[@name = 'q']'.</msg>
<status status="PASS" starttime="20230128 15:44:26.133" endtime="20230128 15:44:26.263"/>
</kw>
<status status="PASS" starttime="20230128 15:44:26.116" endtime="20230128 15:44:26.264"/>
</kw>
<kw name="Submit the search" library="steps">
<kw name="Run Keyword And Return Status" library="BuiltIn">
<var>${IsElementVisible}</var>
<arg>Element Should Be Visible</arg>
<arg>${search_field}</arg>
<doc>Runs the given keyword with given arguments and returns the status as a Boolean value.</doc>
<kw name="Element Should Be Visible" library="SeleniumLibrary">
<arg>${search_field}</arg>
<doc>Verifies that the element identified by ``locator`` is visible.</doc>
<msg timestamp="20230128 15:44:26.282" level="INFO">Element 'xpath://*[@name = 'q']' is displayed.</msg>
<status status="PASS" starttime="20230128 15:44:26.265" endtime="20230128 15:44:26.282"/>
</kw>
<msg timestamp="20230128 15:44:26.283" level="INFO">${IsElementVisible} = True</msg>
<status status="PASS" starttime="20230128 15:44:26.265" endtime="20230128 15:44:26.283"/>
</kw>
<if>
<branch type="IF" condition="${IsElementVisible}">
<kw name="Press Keys" library="SeleniumLibrary">
<arg>${search_field}</arg>
<arg>RETURN</arg>
<doc>Simulates the user pressing key(s) to an element or on the active browser.</doc>
<msg timestamp="20230128 15:44:26.285" level="INFO">Sending key(s) ('RETURN',) to xpath://*[@name = 'q'] element.</msg>
<msg timestamp="20230128 15:44:26.571" level="INFO">Pressing special key RETURN to element.</msg>
<msg timestamp="20230128 15:44:26.571" level="INFO">Releasing special key RETURN.</msg>
<status status="PASS" starttime="20230128 15:44:26.284" endtime="20230128 15:44:27.669"/>
</kw>
<status status="PASS" starttime="20230128 15:44:26.284" endtime="20230128 15:44:27.669"/>
</branch>
<status status="PASS" starttime="20230128 15:44:26.284" endtime="20230128 15:44:27.669"/>
</if>
<kw name="Get Element Attribute" library="SeleniumLibrary">
<var>${search}</var>
<arg>${filled_search}</arg>
<arg>attribute=value</arg>
<doc>Returns the value of ``attribute`` from the element ``locator``.</doc>
<msg timestamp="20230128 15:44:27.695" level="INFO">${search} = F15 Eagle Jet</msg>
<status status="PASS" starttime="20230128 15:44:27.669" endtime="20230128 15:44:27.695"/>
</kw>
<kw name="Capture Page Screenshot" library="SeleniumLibrary">
<arg>./Google_Search/${TEST NAME}_${search}.png</arg>
<doc>Takes a screenshot of the current page and embeds it into a log file.</doc>
<msg timestamp="20230128 15:44:27.948" level="INFO" html="true">&lt;/td&gt;&lt;/tr&gt;&lt;tr&gt;&lt;td colspan="3"&gt;&lt;a href="Google_Search/Search%20images%20on%20Google_F15%20Eagle%20Jet.png"&gt;&lt;img src="Google_Search/Search%20images%20on%20Google_F15%20Eagle%20Jet.png" width="800px"&gt;&lt;/a&gt;</msg>
<status status="PASS" starttime="20230128 15:44:27.695" endtime="20230128 15:44:27.949"/>
</kw>
<status status="PASS" starttime="20230128 15:44:26.264" endtime="20230128 15:44:27.949"/>
</kw>
<kw name="Select image search" library="steps">
<kw name="Run Keyword And Return Status" library="BuiltIn">
<var>${IsElementVisible}</var>
<arg>Element Should Be Visible</arg>
<arg>${image_search}</arg>
<doc>Runs the given keyword with given arguments and returns the status as a Boolean value.</doc>
<kw name="Element Should Be Visible" library="SeleniumLibrary">
<arg>${image_search}</arg>
<doc>Verifies that the element identified by ``locator`` is visible.</doc>
<msg timestamp="20230128 15:44:28.198" level="INFO" html="true">&lt;/td&gt;&lt;/tr&gt;&lt;tr&gt;&lt;td colspan="3"&gt;&lt;a href="selenium-screenshot-2.png"&gt;&lt;img src="selenium-screenshot-2.png" width="800px"&gt;&lt;/a&gt;</msg>
<msg timestamp="20230128 15:44:28.199" level="FAIL">Element with locator '//*[@id = "hdtb-msb"]/div[1]/div/div[2]/a' not found.</msg>
<status status="FAIL" starttime="20230128 15:44:27.950" endtime="20230128 15:44:28.200"/>
</kw>
<msg timestamp="20230128 15:44:28.200" level="INFO">${IsElementVisible} = False</msg>
<status status="PASS" starttime="20230128 15:44:27.950" endtime="20230128 15:44:28.202"/>
</kw>
<if>
<branch type="IF" condition="${IsElementVisible}">
<kw name="Click Element" library="SeleniumLibrary">
<arg>xpath:${image_search}</arg>
<doc>Click the element identified by ``locator``.</doc>
<status status="NOT RUN" starttime="20230128 15:44:28.202" endtime="20230128 15:44:28.202"/>
</kw>
<status status="NOT RUN" starttime="20230128 15:44:28.202" endtime="20230128 15:44:28.203"/>
</branch>
<status status="PASS" starttime="20230128 15:44:28.202" endtime="20230128 15:44:28.203"/>
</if>
<status status="PASS" starttime="20230128 15:44:27.949" endtime="20230128 15:44:28.203"/>
</kw>
<status status="PASS" starttime="20230128 15:44:26.116" endtime="20230128 15:44:28.203"/>
</iter>
<status status="PASS" starttime="20230128 15:44:18.515" endtime="20230128 15:44:28.203"/>
</for>
<kw name="Close Google" library="test_base" type="TEARDOWN">
<kw name="Close Browser" library="SeleniumLibrary">
<doc>Closes the current browser.</doc>
<status status="PASS" starttime="20230128 15:44:28.205" endtime="20230128 15:44:31.066"/>
</kw>
<status status="PASS" starttime="20230128 15:44:28.205" endtime="20230128 15:44:31.066"/>
</kw>
<status status="PASS" starttime="20230128 15:44:13.845" endtime="20230128 15:44:31.066"/>
</test>
<doc>Simple Google Image search test using loop to search multiple terms</doc>
<status status="PASS" starttime="20230128 15:44:13.044" endtime="20230128 15:44:31.069"/>
</suite>
<status status="PASS" starttime="20230128 15:44:13.038" endtime="20230128 15:44:31.072"/>
</suite>
<status status="PASS" starttime="20230128 15:44:13.029" endtime="20230128 15:44:31.074"/>
</suite>
<status status="PASS" starttime="20230128 15:44:12.985" endtime="20230128 15:44:31.075"/>
</suite>
<statistics>
<total>
<stat pass="1" fail="0" skip="0">All Tests</stat>
</total>
<tag>
</tag>
<suite>
<stat pass="1" fail="0" skip="0" id="s1" name="Cadastro Teste">Cadastro Teste</stat>
<stat pass="1" fail="0" skip="0" id="s1-s1" name="Google Search">Cadastro Teste.Google Search</stat>
<stat pass="1" fail="0" skip="0" id="s1-s1-s1" name="Tests">Cadastro Teste.Google Search.Tests</stat>
<stat pass="1" fail="0" skip="0" id="s1-s1-s1-s1" name="Test For Loop">Cadastro Teste.Google Search.Tests.Test For Loop</stat>
</suite>
</statistics>
<errors>
<msg timestamp="20230128 15:44:13.840" level="ERROR">[ DataDriver ] Error in robot file:
  File "C:\Users\jfigueredo\Documents\QA\Estudos\UPSKILLING-23\cadastro_teste (2)\cadastro_teste\Google_Search\Tests\test_for_loop.robot", line 0</msg>
<msg timestamp="20230128 15:44:13.841" level="ERROR">In source file:
  File "C:\Users\jfigueredo\Documents\QA\Estudos\UPSKILLING-23\cadastro_teste (2)\cadastro_teste\Google_Search\Tests\../Test_Data/test.csv", line 0</msg>
<msg timestamp="20230128 15:44:13.844" level="ERROR">Calling method '_start_suite' of listener 'DataDriver' failed: AttributeError: No "Test Template" keyword found for first test case.</msg>
</errors>
</robot>
