<?xml version="1.0" encoding="UTF-8"?>
<robot generator="Robot 6.0.2 (Python 3.10.4 on win32)" generated="20230210 13:19:26.272" rpa="false" schemaversion="3">
<suite id="s1" name="Robot Framework Practice" source="C:\Users\jfigueredo\Documents\QA\Estudos\UPSKILLING-23\robot_framework_practice">
<suite id="s1-s1" name="Google Search" source="C:\Users\jfigueredo\Documents\QA\Estudos\UPSKILLING-23\robot_framework_practice\Google_Search">
<suite id="s1-s1-s1" name="Tests" source="C:\Users\jfigueredo\Documents\QA\Estudos\UPSKILLING-23\robot_framework_practice\Google_Search\Tests">
<suite id="s1-s1-s1-s1" name="Test Datadriven" source="C:\Users\jfigueredo\Documents\QA\Estudos\UPSKILLING-23\robot_framework_practice\Google_Search\Tests\test_datadriven.robot">
<test id="s1-s1-s1-s1-t1" name="Search on Google" line="12">
<kw name="Open Google" library="test_base" type="SETUP">
<kw name="Open Browser" library="SeleniumLibrary">
<arg>${base_url}</arg>
<arg>browser=${browser}</arg>
<doc>Opens a new browser instance to the optional ``url``.</doc>
<msg timestamp="20230210 13:19:26.672" level="INFO">Opening browser 'chrome' to base url 'https://google.com'.</msg>
<status status="PASS" starttime="20230210 13:19:26.671" endtime="20230210 13:19:31.229"/>
</kw>
<kw name="Maximize Browser Window" library="SeleniumLibrary">
<doc>Maximizes current browser window.</doc>
<status status="PASS" starttime="20230210 13:19:31.229" endtime="20230210 13:19:31.354"/>
</kw>
<status status="PASS" starttime="20230210 13:19:26.671" endtime="20230210 13:19:31.354"/>
</kw>
<kw name="Search for a term">
<arg> Top 10 programming languages 2022</arg>
<kw name="Fill the search input" library="steps">
<arg>${term}</arg>
<kw name="Wait Until Element Is Visible" library="SeleniumLibrary">
<arg>${search_field}</arg>
<doc>Waits until the element ``locator`` is visible.</doc>
<status status="PASS" starttime="20230210 13:19:31.356" endtime="20230210 13:19:31.405"/>
</kw>
<kw name="Input Text" library="SeleniumLibrary">
<arg>${search_field}</arg>
<arg>${term}</arg>
<doc>Types the given ``text`` into the text field identified by ``locator``.</doc>
<msg timestamp="20230210 13:19:31.406" level="INFO">Typing text ' Top 10 programming languages 2022' into text field 'xpath://*[@name = 'q']'.</msg>
<status status="PASS" starttime="20230210 13:19:31.406" endtime="20230210 13:19:31.567"/>
</kw>
<status status="PASS" starttime="20230210 13:19:31.355" endtime="20230210 13:19:31.568"/>
</kw>
<kw name="Submit the search" library="steps">
<kw name="Run Keyword And Return Status" library="BuiltIn">
<var>${IsElementVisible}</var>
<arg>Element Should Be Visible</arg>
<arg>${search_field}</arg>
<doc>Runs the given keyword with given arguments and returns the status as a Boolean value.</doc>
<kw name="Element Should Be Visible" library="SeleniumLibrary">
<arg>${search_field}</arg>
<doc>Verifies that the element identified by ``locator`` is visible.</doc>
<msg timestamp="20230210 13:19:31.590" level="INFO">Element 'xpath://*[@name = 'q']' is displayed.</msg>
<status status="PASS" starttime="20230210 13:19:31.570" endtime="20230210 13:19:31.590"/>
</kw>
<msg timestamp="20230210 13:19:31.591" level="INFO">${IsElementVisible} = True</msg>
<status status="PASS" starttime="20230210 13:19:31.569" endtime="20230210 13:19:31.592"/>
</kw>
<if>
<branch type="IF" condition="${IsElementVisible}">
<kw name="Press Keys" library="SeleniumLibrary">
<arg>${search_field}</arg>
<arg>RETURN</arg>
<doc>Simulates the user pressing key(s) to an element or on the active browser.</doc>
<msg timestamp="20230210 13:19:31.594" level="INFO">Sending key(s) ('RETURN',) to xpath://*[@name = 'q'] element.</msg>
<msg timestamp="20230210 13:19:31.879" level="INFO">Pressing special key RETURN to element.</msg>
<msg timestamp="20230210 13:19:31.880" level="INFO">Releasing special key RETURN.</msg>
<status status="PASS" starttime="20230210 13:19:31.593" endtime="20230210 13:19:34.211"/>
</kw>
<status status="PASS" starttime="20230210 13:19:31.592" endtime="20230210 13:19:34.211"/>
</branch>
<status status="PASS" starttime="20230210 13:19:31.592" endtime="20230210 13:19:34.211"/>
</if>
<kw name="Get Element Attribute" library="SeleniumLibrary">
<var>${search}</var>
<arg>${filled_search}</arg>
<arg>attribute=value</arg>
<doc>Returns the value of ``attribute`` from the element ``locator``.</doc>
<msg timestamp="20230210 13:19:34.239" level="INFO">${search} = Top 10 programming languages 2022</msg>
<status status="PASS" starttime="20230210 13:19:34.214" endtime="20230210 13:19:34.239"/>
</kw>
<kw name="Capture Page Screenshot" library="SeleniumLibrary">
<arg>./Google_Search/${TEST NAME}_${search}.png</arg>
<doc>Takes a screenshot of the current page and embeds it into a log file.</doc>
<msg timestamp="20230210 13:19:34.331" level="INFO" html="true">&lt;/td&gt;&lt;/tr&gt;&lt;tr&gt;&lt;td colspan="3"&gt;&lt;a href="Google_Search/Search%20on%20Google_Top%2010%20programming%20languages%202022.png"&gt;&lt;img src="Google_Search/Search%20on%20Google_Top%2010%20programming%20languages%202022.png" width="800px"&gt;&lt;/a&gt;</msg>
<status status="PASS" starttime="20230210 13:19:34.239" endtime="20230210 13:19:34.331"/>
</kw>
<status status="PASS" starttime="20230210 13:19:31.568" endtime="20230210 13:19:34.331"/>
</kw>
<status status="PASS" starttime="20230210 13:19:31.355" endtime="20230210 13:19:34.331"/>
</kw>
<kw name="Close Google" library="test_base" type="TEARDOWN">
<kw name="Close Browser" library="SeleniumLibrary">
<doc>Closes the current browser.</doc>
<status status="PASS" starttime="20230210 13:19:34.331" endtime="20230210 13:19:37.083"/>
</kw>
<status status="PASS" starttime="20230210 13:19:34.331" endtime="20230210 13:19:37.083"/>
</kw>
<status status="PASS" starttime="20230210 13:19:26.669" endtime="20230210 13:19:37.083"/>
</test>
<test id="s1-s1-s1-s1-t2" name="Search on Google" line="12">
<kw name="Open Google" library="test_base" type="SETUP">
<kw name="Open Browser" library="SeleniumLibrary">
<arg>${base_url}</arg>
<arg>browser=${browser}</arg>
<doc>Opens a new browser instance to the optional ``url``.</doc>
<msg timestamp="20230210 13:19:37.083" level="INFO">Opening browser 'chrome' to base url 'https://google.com'.</msg>
<status status="PASS" starttime="20230210 13:19:37.083" endtime="20230210 13:19:40.788"/>
</kw>
<kw name="Maximize Browser Window" library="SeleniumLibrary">
<doc>Maximizes current browser window.</doc>
<status status="PASS" starttime="20230210 13:19:40.788" endtime="20230210 13:19:40.913"/>
</kw>
<status status="PASS" starttime="20230210 13:19:37.083" endtime="20230210 13:19:40.913"/>
</kw>
<kw name="Search for a term">
<arg> Ramen recipe 2022</arg>
<kw name="Fill the search input" library="steps">
<arg>${term}</arg>
<kw name="Wait Until Element Is Visible" library="SeleniumLibrary">
<arg>${search_field}</arg>
<doc>Waits until the element ``locator`` is visible.</doc>
<status status="PASS" starttime="20230210 13:19:40.915" endtime="20230210 13:19:40.941"/>
</kw>
<kw name="Input Text" library="SeleniumLibrary">
<arg>${search_field}</arg>
<arg>${term}</arg>
<doc>Types the given ``text`` into the text field identified by ``locator``.</doc>
<msg timestamp="20230210 13:19:40.942" level="INFO">Typing text ' Ramen recipe 2022' into text field 'xpath://*[@name = 'q']'.</msg>
<status status="PASS" starttime="20230210 13:19:40.941" endtime="20230210 13:19:41.058"/>
</kw>
<status status="PASS" starttime="20230210 13:19:40.914" endtime="20230210 13:19:41.059"/>
</kw>
<kw name="Submit the search" library="steps">
<kw name="Run Keyword And Return Status" library="BuiltIn">
<var>${IsElementVisible}</var>
<arg>Element Should Be Visible</arg>
<arg>${search_field}</arg>
<doc>Runs the given keyword with given arguments and returns the status as a Boolean value.</doc>
<kw name="Element Should Be Visible" library="SeleniumLibrary">
<arg>${search_field}</arg>
<doc>Verifies that the element identified by ``locator`` is visible.</doc>
<msg timestamp="20230210 13:19:41.082" level="INFO">Element 'xpath://*[@name = 'q']' is displayed.</msg>
<status status="PASS" starttime="20230210 13:19:41.061" endtime="20230210 13:19:41.083"/>
</kw>
<msg timestamp="20230210 13:19:41.084" level="INFO">${IsElementVisible} = True</msg>
<status status="PASS" starttime="20230210 13:19:41.060" endtime="20230210 13:19:41.086"/>
</kw>
<if>
<branch type="IF" condition="${IsElementVisible}">
<kw name="Press Keys" library="SeleniumLibrary">
<arg>${search_field}</arg>
<arg>RETURN</arg>
<doc>Simulates the user pressing key(s) to an element or on the active browser.</doc>
<msg timestamp="20230210 13:19:41.088" level="INFO">Sending key(s) ('RETURN',) to xpath://*[@name = 'q'] element.</msg>
<msg timestamp="20230210 13:19:41.390" level="INFO">Pressing special key RETURN to element.</msg>
<msg timestamp="20230210 13:19:41.391" level="INFO">Releasing special key RETURN.</msg>
<status status="PASS" starttime="20230210 13:19:41.087" endtime="20230210 13:19:44.580"/>
</kw>
<status status="PASS" starttime="20230210 13:19:41.086" endtime="20230210 13:19:44.581"/>
</branch>
<status status="PASS" starttime="20230210 13:19:41.086" endtime="20230210 13:19:44.581"/>
</if>
<kw name="Get Element Attribute" library="SeleniumLibrary">
<var>${search}</var>
<arg>${filled_search}</arg>
<arg>attribute=value</arg>
<doc>Returns the value of ``attribute`` from the element ``locator``.</doc>
<msg timestamp="20230210 13:19:44.608" level="INFO">${search} = Ramen recipe 2022</msg>
<status status="PASS" starttime="20230210 13:19:44.581" endtime="20230210 13:19:44.609"/>
</kw>
<kw name="Capture Page Screenshot" library="SeleniumLibrary">
<arg>./Google_Search/${TEST NAME}_${search}.png</arg>
<doc>Takes a screenshot of the current page and embeds it into a log file.</doc>
<msg timestamp="20230210 13:19:44.721" level="INFO" html="true">&lt;/td&gt;&lt;/tr&gt;&lt;tr&gt;&lt;td colspan="3"&gt;&lt;a href="Google_Search/Search%20on%20Google_Ramen%20recipe%202022.png"&gt;&lt;img src="Google_Search/Search%20on%20Google_Ramen%20recipe%202022.png" width="800px"&gt;&lt;/a&gt;</msg>
<status status="PASS" starttime="20230210 13:19:44.609" endtime="20230210 13:19:44.721"/>
</kw>
<status status="PASS" starttime="20230210 13:19:41.059" endtime="20230210 13:19:44.722"/>
</kw>
<status status="PASS" starttime="20230210 13:19:40.914" endtime="20230210 13:19:44.722"/>
</kw>
<kw name="Close Google" library="test_base" type="TEARDOWN">
<kw name="Close Browser" library="SeleniumLibrary">
<doc>Closes the current browser.</doc>
<status status="PASS" starttime="20230210 13:19:44.723" endtime="20230210 13:19:47.583"/>
</kw>
<status status="PASS" starttime="20230210 13:19:44.723" endtime="20230210 13:19:47.583"/>
</kw>
<status status="PASS" starttime="20230210 13:19:37.083" endtime="20230210 13:19:47.584"/>
</test>
<doc>Simple Google search test</doc>
<status status="PASS" starttime="20230210 13:19:26.349" endtime="20230210 13:19:47.586"/>
</suite>
<status status="PASS" starttime="20230210 13:19:26.340" endtime="20230210 13:19:47.588"/>
</suite>
<status status="PASS" starttime="20230210 13:19:26.332" endtime="20230210 13:19:47.591"/>
</suite>
<status status="PASS" starttime="20230210 13:19:26.293" endtime="20230210 13:19:47.593"/>
</suite>
<statistics>
<total>
<stat pass="2" fail="0" skip="0">All Tests</stat>
</total>
<tag>
</tag>
<suite>
<stat pass="2" fail="0" skip="0" id="s1" name="Robot Framework Practice">Robot Framework Practice</stat>
<stat pass="2" fail="0" skip="0" id="s1-s1" name="Google Search">Robot Framework Practice.Google Search</stat>
<stat pass="2" fail="0" skip="0" id="s1-s1-s1" name="Tests">Robot Framework Practice.Google Search.Tests</stat>
<stat pass="2" fail="0" skip="0" id="s1-s1-s1-s1" name="Test Datadriven">Robot Framework Practice.Google Search.Tests.Test Datadriven</stat>
</suite>
</statistics>
<errors>
<msg timestamp="20230210 13:19:37.083" level="WARN">Multiple tests with name 'Search on Google' executed in suite 'Robot Framework Practice.Google Search.Tests.Test Datadriven'.</msg>
</errors>
</robot>
